#
# There is insufficient memory for the Java Runtime Environment to continue.
# Native memory allocation (mmap) failed to map 132120576 bytes for G1 virtual space
# Possible reasons:
#   The system is out of physical RAM or swap space
#   The process is running with CompressedOops enabled, and the Java Heap may be blocking the growth of the native heap
# Possible solutions:
#   Reduce memory load on the system
#   Increase physical memory or swap space
#   Check if swap backing store is full
#   Decrease Java heap size (-Xmx/-Xms)
#   Decrease number of Java threads
#   Decrease Java thread stack sizes (-Xss)
#   Set larger code cache with -XX:ReservedCodeCacheSize=
#   JVM is running with Unscaled Compressed Oops mode in which the Java heap is
#     placed in the first 4GB address space. The Java Heap base address is the
#     maximum limit for the native heap growth. Please use -XX:HeapBaseMinAddress
#     to set the Java Heap base and to place the Java Heap above 4GB virtual address.
# This output file may be truncated or incomplete.
#
#  Out of Memory Error (os_windows.cpp:3532), pid=12180, tid=10132
#
# JRE version:  (17.0.2+8) (build )
# Java VM: Java HotSpot(TM) 64-Bit Server VM (17.0.2+8-LTS-86, mixed mode, sharing, tiered, compressed oops, compressed class ptrs, g1 gc, windows-amd64)
# No core dump will be written. Minidumps are not enabled by default on client versions of Windows
#

---------------  S U M M A R Y ------------

Command Line: -javaagent:C:\Users\Rachna\.m2\repository\com\browserstack\browserstack-java-sdk\1.13.14\browserstack-java-sdk-1.13.14.jar C:\Users\Rachna\Downloads\testng-browserstack-master\testng-browserstack-master\target\surefire\surefirebooter8608084295438339962.jar C:\Users\Rachna\Downloads\testng-browserstack-master\testng-browserstack-master\target\surefire\surefire15784829832295968710tmp C:\Users\Rachna\Downloads\testng-browserstack-master\testng-browserstack-master\target\surefire\surefire_014203550536380133051tmp

Host: Intel(R) Core(TM) i3-7020U CPU @ 2.30GHz, 4 cores, 7G,  Windows 10 , 64 bit Build 19041 (10.0.19041.3636)
Time: Mon Mar 18 20:42:41 2024 India Standard Time elapsed time: 0.019840 seconds (0d 0h 0m 0s)

---------------  T H R E A D  ---------------

Current thread (0x00000211b7644cd0):  JavaThread "Unknown thread" [_thread_in_vm, id=10132, stack(0x00000071bf500000,0x00000071bf600000)]

Stack: [0x00000071bf500000,0x00000071bf600000]
Native frames: (J=compiled Java code, j=interpreted, Vv=VM code, C=native code)
V  [jvm.dll+0x670baa]
V  [jvm.dll+0x7cfcb4]
V  [jvm.dll+0x7d145e]
V  [jvm.dll+0x7d1ac3]
V  [jvm.dll+0x242bc5]
V  [jvm.dll+0x66dac9]
V  [jvm.dll+0x662412]
V  [jvm.dll+0x300c0b]
V  [jvm.dll+0x3081a6]
V  [jvm.dll+0x357d0e]
V  [jvm.dll+0x357f3f]
V  [jvm.dll+0x2d7ec8]
V  [jvm.dll+0x2d8e34]
V  [jvm.dll+0x7a18c1]
V  [jvm.dll+0x365a91]
V  [jvm.dll+0x780d2c]
V  [jvm.dll+0x3e845f]
V  [jvm.dll+0x3e9f01]
C  [jli.dll+0x527b]
C  [ucrtbase.dll+0x21bb2]
C  [KERNEL32.DLL+0x17344]
C  [ntdll.dll+0x526b1]


---------------  P R O C E S S  ---------------

Threads class SMR info:
_java_thread_list=0x00007ffbeb2d9858, length=0, elements={
}

Java Threads: ( => current thread )

Other Threads:
  0x00000211b7682040 GCTaskThread "GC Thread#0" [stack: 0x00000071bf600000,0x00000071bf700000] [id=12320]
  0x00000211b7693850 ConcurrentGCThread "G1 Main Marker" [stack: 0x00000071bf700000,0x00000071bf800000] [id=4628]
  0x00000211b7694a00 ConcurrentGCThread "G1 Conc#0" [stack: 0x00000071bf800000,0x00000071bf900000] [id=4180]

[error occurred during error reporting (printing all threads), id 0xc0000005, EXCEPTION_ACCESS_VIOLATION (0xc0000005) at pc=0x00007ffbeab288a7]

VM state: not at safepoint (not fully initialized)

VM Mutex/Monitor currently owned by a thread:  ([mutex/lock_event])
[0x00000211b7642630] Heap_lock - owner thread: 0x00000211b7644cd0

Heap address: 0x0000000083a00000, size: 1990 MB, Compressed Oops mode: 32-bit

CDS archive(s) mapped at: [0x0000000000000000-0x0000000000000000-0x0000000000000000), size 0, SharedBaseAddress: 0x0000000800000000, ArchiveRelocationMode: 0.
Narrow klass base: 0x0000000000000000, Narrow klass shift: 0, Narrow klass range: 0x0

GC Precious Log:
<Empty>

Heap:
 garbage-first heap   total 0K, used 0K [0x0000000083a00000, 0x0000000100000000)
  region size 1024K, 0 young (0K), 0 survivors (0K)

[error occurred during error reporting (printing heap information), id 0xc0000005, EXCEPTION_ACCESS_VIOLATION (0xc0000005) at pc=0x00007ffbeaf09f19]

GC Heap History (0 events):
No events

Deoptimization events (0 events):
No events

Classes unloaded (0 events):
No events

Classes redefined (0 events):
No events

Internal exceptions (0 events):
No events

VM Operations (0 events):
No events

Events (1 events):
Event: 0.012 Loaded shared library C:\Program Files\Java\jdk-17.0.2\bin\java.dll


Dynamic libraries:
0x00007ff7c5620000 - 0x00007ff7c5630000 	C:\Program Files\Java\jdk-17.0.2\bin\java.exe
0x00007ffc26e90000 - 0x00007ffc27088000 	C:\Windows\SYSTEM32\ntdll.dll
0x00007ffc25ed0000 - 0x00007ffc25f8d000 	C:\Windows\System32\KERNEL32.DLL
0x00007ffc24540000 - 0x00007ffc24836000 	C:\Windows\System32\KERNELBASE.dll
0x00007ffc24b10000 - 0x00007ffc24c10000 	C:\Windows\System32\ucrtbase.dll
0x00007ffc1c640000 - 0x00007ffc1c65a000 	C:\Program Files\Java\jdk-17.0.2\bin\VCRUNTIME140.dll
0x00007ffc1ae10000 - 0x00007ffc1ae28000 	C:\Program Files\Java\jdk-17.0.2\bin\jli.dll
0x00007ffc25ac0000 - 0x00007ffc25b70000 	C:\Windows\System32\ADVAPI32.dll
0x00007ffc26db0000 - 0x00007ffc26e4e000 	C:\Windows\System32\msvcrt.dll
0x00007ffc26d10000 - 0x00007ffc26db0000 	C:\Windows\System32\sechost.dll
0x00007ffc26b80000 - 0x00007ffc26ca5000 	C:\Windows\System32\RPCRT4.dll
0x00007ffc249a0000 - 0x00007ffc249c7000 	C:\Windows\System32\bcrypt.dll
0x00007ffc24ec0000 - 0x00007ffc2505e000 	C:\Windows\System32\USER32.dll
0x00007ffc24a40000 - 0x00007ffc24a62000 	C:\Windows\System32\win32u.dll
0x00007ffc261b0000 - 0x00007ffc261db000 	C:\Windows\System32\GDI32.dll
0x00007ffc24da0000 - 0x00007ffc24eb7000 	C:\Windows\System32\gdi32full.dll
0x00007ffc24a70000 - 0x00007ffc24b0d000 	C:\Windows\System32\msvcp_win.dll
0x00007ffc11c90000 - 0x00007ffc11f2a000 	C:\Windows\WinSxS\amd64_microsoft.windows.common-controls_6595b64144ccf1df_6.0.19041.3636_none_60b6a03d71f818d5\COMCTL32.dll
0x00007ffc18020000 - 0x00007ffc1802a000 	C:\Windows\SYSTEM32\VERSION.dll
0x00007ffc25070000 - 0x00007ffc250a2000 	C:\Windows\System32\IMM32.DLL
0x00007ffc1faa0000 - 0x00007ffc1faac000 	C:\Program Files\Java\jdk-17.0.2\bin\vcruntime140_1.dll
0x00007ffc12a90000 - 0x00007ffc12b1d000 	C:\Program Files\Java\jdk-17.0.2\bin\msvcp140.dll
0x00007ffbea840000 - 0x00007ffbeb401000 	C:\Program Files\Java\jdk-17.0.2\bin\server\jvm.dll
0x00007ffc25060000 - 0x00007ffc25068000 	C:\Windows\System32\PSAPI.DLL
0x00007ffc13310000 - 0x00007ffc13319000 	C:\Windows\SYSTEM32\WSOCK32.dll
0x00007ffc18f70000 - 0x00007ffc18f97000 	C:\Windows\SYSTEM32\WINMM.dll
0x00007ffc25a50000 - 0x00007ffc25abb000 	C:\Windows\System32\WS2_32.dll
0x00007ffc22d80000 - 0x00007ffc22d92000 	C:\Windows\SYSTEM32\kernel.appcore.dll
0x00007ffc1ec20000 - 0x00007ffc1ec2a000 	C:\Program Files\Java\jdk-17.0.2\bin\jimage.dll
0x00007ffc222e0000 - 0x00007ffc224c4000 	C:\Windows\SYSTEM32\DBGHELP.DLL
0x00007ffc1ce30000 - 0x00007ffc1ce64000 	C:\Windows\SYSTEM32\dbgcore.DLL
0x00007ffc24d10000 - 0x00007ffc24d92000 	C:\Windows\System32\bcryptPrimitives.dll
0x00007ffc1ded0000 - 0x00007ffc1dede000 	C:\Program Files\Java\jdk-17.0.2\bin\instrument.dll
0x00007ffc13280000 - 0x00007ffc132a5000 	C:\Program Files\Java\jdk-17.0.2\bin\java.dll

dbghelp: loaded successfully - version: 4.0.5 - missing functions: none
symbol engine: initialized successfully - sym options: 0x614 - pdb path: .;C:\Program Files\Java\jdk-17.0.2\bin;C:\Windows\SYSTEM32;C:\Windows\WinSxS\amd64_microsoft.windows.common-controls_6595b64144ccf1df_6.0.19041.3636_none_60b6a03d71f818d5;C:\Program Files\Java\jdk-17.0.2\bin\server

VM Arguments:
jvm_args: -javaagent:C:\Users\Rachna\.m2\repository\com\browserstack\browserstack-java-sdk\1.13.14\browserstack-java-sdk-1.13.14.jar 
java_command: C:\Users\Rachna\Downloads\testng-browserstack-master\testng-browserstack-master\target\surefire\surefirebooter8608084295438339962.jar C:\Users\Rachna\Downloads\testng-browserstack-master\testng-browserstack-master\target\surefire\surefire15784829832295968710tmp C:\Users\Rachna\Downloads\testng-browserstack-master\testng-browserstack-master\target\surefire\surefire_014203550536380133051tmp
java_class_path (initial): C:\Users\Rachna\Downloads\testng-browserstack-master\testng-browserstack-master\target\surefire\surefirebooter8608084295438339962.jar
Launcher Type: SUN_STANDARD

[Global flags]
     intx CICompilerCount                          = 3                                         {product} {ergonomic}
     uint ConcGCThreads                            = 1                                         {product} {ergonomic}
     uint G1ConcRefinementThreads                  = 4                                         {product} {ergonomic}
   size_t G1HeapRegionSize                         = 1048576                                   {product} {ergonomic}
    uintx GCDrainStackTargetSize                   = 64                                        {product} {ergonomic}
   size_t InitialHeapSize                          = 132120576                                 {product} {ergonomic}
   size_t MarkStackSize                            = 4194304                                   {product} {ergonomic}
   size_t MaxHeapSize                              = 2086666240                                {product} {ergonomic}
   size_t MinHeapDeltaBytes                        = 1048576                                   {product} {ergonomic}
   size_t MinHeapSize                              = 8388608                                   {product} {ergonomic}
    uintx NonNMethodCodeHeapSize                   = 5832780                                {pd product} {ergonomic}
    uintx NonProfiledCodeHeapSize                  = 122912730                              {pd product} {ergonomic}
    uintx ProfiledCodeHeapSize                     = 122912730                              {pd product} {ergonomic}
    uintx ReservedCodeCacheSize                    = 251658240                              {pd product} {ergonomic}
     bool SegmentedCodeCache                       = true                                      {product} {ergonomic}
   size_t SoftMaxHeapSize                          = 2086666240                             {manageable} {ergonomic}
     bool UseCompressedClassPointers               = true                           {product lp64_product} {ergonomic}
     bool UseCompressedOops                        = true                           {product lp64_product} {ergonomic}
     bool UseG1GC                                  = true                                      {product} {ergonomic}
     bool UseLargePagesIndividualAllocation        = false                                  {pd product} {ergonomic}

Logging:
Log output configuration:
 #0: stdout all=warning uptime,level,tags
 #1: stderr all=off uptime,level,tags

Environment Variables:
PATH=C:\Python311\Scripts\;C:\Python311\;C:\Program Files\Common Files\Oracle\Java\javapath;C:\Windows\system32;C:\Windows;C:\Windows\System32\Wbem;C:\Windows\System32\WindowsPowerShell\v1.0\;C:\Windows\System32\OpenSSH\;C:\Program Files\dotnet\;C:\ProgramData\chocolatey\bin;C:\Program Files\Git\cmd;C:\Program Files\MongoDB\Server\6.0\bin;C:\Users\Rachna\Downloads\stripe_1.17.2_windows_x86_64;C:\Users\Rachna\AppData\Roaming\nvm;C:\Program Files\nodejs;C:\Ruby32-x64\bin;C:\Users\Rachna\AppData\Local\Microsoft\WindowsApps;C:\Users\Rachna\AppData\Local\Programs\Microsoft VS Code\bin;C:\MinGW\bin;C:\Users\Rachna\AppData\Roaming\npm;C:\Users\Rachna\Downloads\mongodb-database-tools-windows-x86_64-100.8.0\mongodb-database-tools-windows-x86_64-100.8.0\bin;C:\Users\Rachna\AppData\Roaming\nvm;C:\Program Files\nodejs
USERNAME=Rachna
OS=Windows_NT
PROCESSOR_IDENTIFIER=Intel64 Family 6 Model 142 Stepping 9, GenuineIntel



---------------  S Y S T E M  ---------------

OS:
 Windows 10 , 64 bit Build 19041 (10.0.19041.3636)
OS uptime: 2 days 5:01 hours

CPU: total 4 (initial active 4) (2 cores per cpu, 2 threads per core) family 6 model 142 stepping 9 microcode 0xb4, cx8, cmov, fxsr, ht, mmx, 3dnowpref, sse, sse2, sse3, ssse3, sse4.1, sse4.2, popcnt, lzcnt, tsc, tscinvbit, avx, avx2, aes, erms, clmul, bmi1, bmi2, adx, fma, vzeroupper, clflush, clflushopt

Memory: 4k page, system-wide physical 7956M (710M free)
TotalPageFile size 10004M (AvailPageFile size 38M)
current process WorkingSet (physical memory assigned to process): 10M, peak: 10M
current process commit charge ("private bytes"): 51M, peak: 177M

vm_info: Java HotSpot(TM) 64-Bit Server VM (17.0.2+8-LTS-86) for windows-amd64 JRE (17.0.2+8-LTS-86), built on Dec  7 2021 21:51:03 by "mach5one" with MS VC++ 16.8 / 16.9 (VS2019)

END.
